STMicroelectronics list file postprocessor v1.01   (C)2009-2022   Tue Feb 08 00:03:07 2022
Page 1  Assembler
                                               c:\project\stm8\bit_asm\utils.asm

   1                         stm8/     
   2                                   
   3                                   segment  'rom'
   4                                   
   5                         .delay:   
   6  0085BC   A601                          ld       a,#$01
   7  0085BE   90AE1500                      ldw      y,#$1500                 ; 
   8                         loop:     
   9  0085C2   72A20001                      subw     y, #$01                  ; 
  10  0085C6   A200                          sbc      a,#0                      ; 
  11  0085C8   26F8                          jrne     loop
  12  0085CA   81                            ret      
  13                         
  14                         .delay_10ms:  
  15  0085CB   AED400                        ldw      x, #$D400                ; 
  16                         loop2:    
  17  0085CE   5A                            decw     x             ; 
  18  0085CF   26FD                          jrne     loop2
  19  0085D1   81                            ret      
  20                         
  21  0085D2                                 end      
STMicroelectronics list file postprocessor v1.01   (C)2009-2022   Tue Feb 08 00:03:07 2022
Page 2  Assembler
                                               c:\project\stm8\bit_asm\utils.asm

Symbol Name                       Value     Call       Type  Scope      Rel.  Line  Privacy  Segment   Size  Bytes File

delay                                 85BC         no  WORD  Internal   ABS      5  public   text         6     0  -
delay_10ms                            85CB         no  WORD  Internal   ABS     14  public   text         3     0  -

loop                                  85C2         no  WORD  Internal   ABS      8  private  text         9     0  -
loop2                                 85CE         no  WORD  Internal   ABS     16  private  text         4     0  -


4 labels
No errors on assembly of 'c:\project\stm8\bit_asm\utils.asm'